#
# There is insufficient memory for the Java Runtime Environment to continue.
# Native memory allocation (malloc) failed to allocate 2863888 bytes. Error detail: Chunk::new
# Possible reasons:
#   The system is out of physical RAM or swap space
#   This process is running with CompressedOops enabled, and the Java Heap may be blocking the growth of the native heap
# Possible solutions:
#   Reduce memory load on the system
#   Increase physical memory or swap space
#   Check if swap backing store is full
#   Decrease Java heap size (-Xmx/-Xms)
#   Decrease number of Java threads
#   Decrease Java thread stack sizes (-Xss)
#   Set larger code cache with -XX:ReservedCodeCacheSize=
#   JVM is running with Unscaled Compressed Oops mode in which the Java heap is
#     placed in the first 4GB address space. The Java Heap base address is the
#     maximum limit for the native heap growth. Please use -XX:HeapBaseMinAddress
#     to set the Java Heap base and to place the Java Heap above 4GB virtual address.
# This output file may be truncated or incomplete.
#
#  Out of Memory Error (arena.cpp:191), pid=27620, tid=14540
#
# JRE version: OpenJDK Runtime Environment Temurin-17.0.11+9 (17.0.11+9) (build 17.0.11+9)
# Java VM: OpenJDK 64-Bit Server VM Temurin-17.0.11+9 (17.0.11+9, mixed mode, tiered, compressed oops, compressed class ptrs, parallel gc, windows-amd64)
# No core dump will be written. Minidumps are not enabled by default on client versions of Windows
#

---------------  S U M M A R Y ------------

Command Line: --add-modules=ALL-SYSTEM --add-opens=java.base/java.util=ALL-UNNAMED --add-opens=java.base/java.lang=ALL-UNNAMED --add-opens=java.base/sun.nio.fs=ALL-UNNAMED -Declipse.application=org.eclipse.jdt.ls.core.id1 -Dosgi.bundles.defaultStartLevel=4 -Declipse.product=org.eclipse.jdt.ls.core.product -Djava.import.generatesMetadataFilesAtProjectRoot=false -DDetectVMInstallationsJob.disabled=true -Dfile.encoding=utf8 -XX:+UseParallelGC -XX:GCTimeRatio=4 -XX:AdaptiveSizePolicyWeight=90 -Dsun.zip.disableMemoryMapping=true -Xmx1G -Xms100m -Xlog:disable -javaagent:c:\Users\parimal\.vscode\extensions\redhat.java-1.33.0-win32-x64\lombok\lombok-1.18.33.jar -XX:+HeapDumpOnOutOfMemoryError -XX:HeapDumpPath=c:\Users\parimal\AppData\Roaming\Code\User\workspaceStorage\564610afbe48d66984a7fc64be8d1d62\redhat.java -Daether.dependencyCollector.impl=bf c:\Users\parimal\.vscode\extensions\redhat.java-1.33.0-win32-x64\server\plugins\org.eclipse.equinox.launcher_1.6.900.v20240613-2009.jar -configuration c:\Users\parimal\AppData\Roaming\Code\User\globalStorage\redhat.java\1.33.0\config_win -data c:\Users\parimal\AppData\Roaming\Code\User\workspaceStorage\564610afbe48d66984a7fc64be8d1d62\redhat.java\jdt_ws --pipe=\\.\pipe\lsp-22be18ce9d847dd039fc167c2ceec5d0-sock

Host: Intel(R) Core(TM) i5-10210U CPU @ 1.60GHz, 8 cores, 7G,  Windows 11 , 64 bit Build 22621 (10.0.22621.3958)
Time: Mon Aug 26 03:52:57 2024 India Standard Time elapsed time: 688.444167 seconds (0d 0h 11m 28s)

---------------  T H R E A D  ---------------

Current thread (0x000001e8cdf0cf10):  JavaThread "C2 CompilerThread0" daemon [_thread_in_native, id=14540, stack(0x000000c702900000,0x000000c702a00000)]


Current CompileTask:
C2: 688444 29758       4       lombok.eclipse.handlers.HandleEqualsAndHashCode::createHashCode (2262 bytes)

Stack: [0x000000c702900000,0x000000c702a00000]
Native frames: (J=compiled Java code, j=interpreted, Vv=VM code, C=native code)
V  [jvm.dll+0x67d429]
V  [jvm.dll+0x834b7a]
V  [jvm.dll+0x83663e]
V  [jvm.dll+0x836ca3]
V  [jvm.dll+0x247dbf]
V  [jvm.dll+0xac534]
V  [jvm.dll+0xacb7c]
V  [jvm.dll+0x366647]
V  [jvm.dll+0x330bba]
V  [jvm.dll+0x33005a]
V  [jvm.dll+0x21a471]
V  [jvm.dll+0x2198b1]
V  [jvm.dll+0x1a534d]
V  [jvm.dll+0x2295cd]
V  [jvm.dll+0x22779c]
V  [jvm.dll+0x7e9d07]
V  [jvm.dll+0x7e410a]
V  [jvm.dll+0x67c315]
C  [ucrtbase.dll+0x29333]
C  [KERNEL32.DLL+0x1257d]
C  [ntdll.dll+0x5af28]


---------------  P R O C E S S  ---------------

Threads class SMR info:
_java_thread_list=0x000001e8d7c09520, length=54, elements={
0x000001e8ba082c80, 0x000001e8cdf01020, 0x000001e8cdf04610, 0x000001e8cdf09f30,
0x000001e8cdf0aaf0, 0x000001e8cdf0b6b0, 0x000001e8cdf0c170, 0x000001e8cdf0cf10,
0x000001e8d30ccae0, 0x000001e8d30cf7b0, 0x000001e8d3169b30, 0x000001e8d32a06b0,
0x000001e8d449afb0, 0x000001e8d48efb50, 0x000001e8d48f0300, 0x000001e8d4501280,
0x000001e8d4c32890, 0x000001e8d43b5640, 0x000001e8d43b4710, 0x000001e8d43b23a0,
0x000001e8d43b28b0, 0x000001e8d43b2dc0, 0x000001e8d43b4c20, 0x000001e8d43b32d0,
0x000001e8d43b3cf0, 0x000001e8d43b37e0, 0x000001e8d5f7c020, 0x000001e8d5f7a1c0,
0x000001e8d5f79cb0, 0x000001e8d5f77430, 0x000001e8d5f7a6d0, 0x000001e8d5f7bb10,
0x000001e8d5f77940, 0x000001e8d5f7edb0, 0x000001e8d5f7abe0, 0x000001e8d5f7b600,
0x000001e8d5f77e50, 0x000001e8d5f7c530, 0x000001e8d5f79290, 0x000001e8d5f78360,
0x000001e8d5f7de80, 0x000001e8d5f7cf50, 0x000001e8d5f7d970, 0x000001e8d5f7e390,
0x000001e8d5f797a0, 0x000001e8d5f7e8a0, 0x000001e8d43b5b50, 0x000001e8d7189450,
0x000001e8d566ab90, 0x000001e8d5669240, 0x000001e8d566bfd0, 0x000001e8d71866c0,
0x000001e8d718a890, 0x000001e8d718b2b0
}

Java Threads: ( => current thread )
  0x000001e8ba082c80 JavaThread "main" [_thread_blocked, id=32504, stack(0x000000c702000000,0x000000c702100000)]
  0x000001e8cdf01020 JavaThread "Reference Handler" daemon [_thread_blocked, id=32536, stack(0x000000c702300000,0x000000c702400000)]
  0x000001e8cdf04610 JavaThread "Finalizer" daemon [_thread_blocked, id=6224, stack(0x000000c702400000,0x000000c702500000)]
  0x000001e8cdf09f30 JavaThread "Signal Dispatcher" daemon [_thread_blocked, id=23148, stack(0x000000c702500000,0x000000c702600000)]
  0x000001e8cdf0aaf0 JavaThread "Attach Listener" daemon [_thread_blocked, id=27476, stack(0x000000c702600000,0x000000c702700000)]
  0x000001e8cdf0b6b0 JavaThread "Service Thread" daemon [_thread_blocked, id=29824, stack(0x000000c702700000,0x000000c702800000)]
  0x000001e8cdf0c170 JavaThread "Monitor Deflation Thread" daemon [_thread_blocked, id=12852, stack(0x000000c702800000,0x000000c702900000)]
=>0x000001e8cdf0cf10 JavaThread "C2 CompilerThread0" daemon [_thread_in_native, id=14540, stack(0x000000c702900000,0x000000c702a00000)]
  0x000001e8d30ccae0 JavaThread "C1 CompilerThread0" daemon [_thread_blocked, id=19996, stack(0x000000c702a00000,0x000000c702b00000)]
  0x000001e8d30cf7b0 JavaThread "Sweeper thread" daemon [_thread_blocked, id=14148, stack(0x000000c702b00000,0x000000c702c00000)]
  0x000001e8d3169b30 JavaThread "Common-Cleaner" daemon [_thread_blocked, id=16900, stack(0x000000c702c00000,0x000000c702d00000)]
  0x000001e8d32a06b0 JavaThread "Notification Thread" daemon [_thread_blocked, id=24372, stack(0x000000c702d00000,0x000000c702e00000)]
  0x000001e8d449afb0 JavaThread "Active Thread: Equinox Container: 7940e17e-1dad-4105-8aa7-b5a7f030ea9e" [_thread_blocked, id=19636, stack(0x000000c703600000,0x000000c703700000)]
  0x000001e8d48efb50 JavaThread "Framework Event Dispatcher: Equinox Container: 7940e17e-1dad-4105-8aa7-b5a7f030ea9e" daemon [_thread_blocked, id=9820, stack(0x000000c703500000,0x000000c703600000)]
  0x000001e8d48f0300 JavaThread "Start Level: Equinox Container: 7940e17e-1dad-4105-8aa7-b5a7f030ea9e" daemon [_thread_blocked, id=4224, stack(0x000000c703700000,0x000000c703800000)]
  0x000001e8d4501280 JavaThread "Bundle File Closer" daemon [_thread_blocked, id=30288, stack(0x000000c703900000,0x000000c703a00000)]
  0x000001e8d4c32890 JavaThread "SCR Component Actor" daemon [_thread_blocked, id=31696, stack(0x000000c703a00000,0x000000c703b00000)]
  0x000001e8d43b5640 JavaThread "Worker-JM" [_thread_blocked, id=20240, stack(0x000000c703c00000,0x000000c703d00000)]
  0x000001e8d43b4710 JavaThread "JNA Cleaner" daemon [_thread_blocked, id=12824, stack(0x000000c703d00000,0x000000c703e00000)]
  0x000001e8d43b23a0 JavaThread "Worker-0" [_thread_blocked, id=9224, stack(0x000000c703e00000,0x000000c703f00000)]
  0x000001e8d43b28b0 JavaThread "Java indexing" daemon [_thread_in_native, id=23992, stack(0x000000c704000000,0x000000c704100000)]
  0x000001e8d43b2dc0 JavaThread "Thread-2" daemon [_thread_in_native, id=4128, stack(0x000000c704100000,0x000000c704200000)]
  0x000001e8d43b4c20 JavaThread "Thread-3" daemon [_thread_in_native, id=23796, stack(0x000000c704200000,0x000000c704300000)]
  0x000001e8d43b32d0 JavaThread "Thread-4" daemon [_thread_in_native, id=13920, stack(0x000000c704300000,0x000000c704400000)]
  0x000001e8d43b3cf0 JavaThread "Thread-5" daemon [_thread_in_native, id=26032, stack(0x000000c704400000,0x000000c704500000)]
  0x000001e8d43b37e0 JavaThread "Thread-6" daemon [_thread_in_native, id=32752, stack(0x000000c704500000,0x000000c704600000)]
  0x000001e8d5f7c020 JavaThread "Thread-7" daemon [_thread_in_native, id=3288, stack(0x000000c704600000,0x000000c704700000)]
  0x000001e8d5f7a1c0 JavaThread "Thread-8" daemon [_thread_in_native, id=22208, stack(0x000000c704700000,0x000000c704800000)]
  0x000001e8d5f79cb0 JavaThread "Thread-9" daemon [_thread_in_native, id=19604, stack(0x000000c704800000,0x000000c704900000)]
  0x000001e8d5f77430 JavaThread "Thread-10" daemon [_thread_in_native, id=32076, stack(0x000000c704900000,0x000000c704a00000)]
  0x000001e8d5f7a6d0 JavaThread "pool-2-thread-1" [_thread_blocked, id=15036, stack(0x000000c704a00000,0x000000c704b00000)]
  0x000001e8d5f7bb10 JavaThread "WorkspaceEventsHandler" [_thread_blocked, id=24784, stack(0x000000c704c00000,0x000000c704d00000)]
  0x000001e8d5f77940 JavaThread "pool-1-thread-1" [_thread_blocked, id=1272, stack(0x000000c704d00000,0x000000c704e00000)]
  0x000001e8d5f7edb0 JavaThread "ForkJoinPool.commonPool-worker-1" daemon [_thread_blocked, id=26440, stack(0x000000c704f00000,0x000000c705000000)]
  0x000001e8d5f7abe0 JavaThread "ForkJoinPool.commonPool-worker-2" daemon [_thread_blocked, id=19628, stack(0x000000c705000000,0x000000c705100000)]
  0x000001e8d5f7b600 JavaThread "ForkJoinPool.commonPool-worker-3" daemon [_thread_blocked, id=28072, stack(0x000000c705100000,0x000000c705200000)]
  0x000001e8d5f77e50 JavaThread "ForkJoinPool.commonPool-worker-4" daemon [_thread_blocked, id=24880, stack(0x000000c705200000,0x000000c705300000)]
  0x000001e8d5f7c530 JavaThread "ForkJoinPool.commonPool-worker-5" daemon [_thread_blocked, id=13756, stack(0x000000c705300000,0x000000c705400000)]
  0x000001e8d5f79290 JavaThread "ForkJoinPool.commonPool-worker-6" daemon [_thread_blocked, id=7716, stack(0x000000c705400000,0x000000c705500000)]
  0x000001e8d5f78360 JavaThread "ForkJoinPool.commonPool-worker-7" daemon [_thread_blocked, id=24756, stack(0x000000c705500000,0x000000c705600000)]
  0x000001e8d5f7de80 JavaThread "Worker-4" [_thread_blocked, id=15008, stack(0x000000c705600000,0x000000c705700000)]
  0x000001e8d5f7cf50 JavaThread "Compiler Source File Reader" daemon [_thread_blocked, id=30664, stack(0x000000c703b00000,0x000000c703c00000)]
  0x000001e8d5f7d970 JavaThread "Compiler Source File Reader" daemon [_thread_blocked, id=29852, stack(0x000000c705800000,0x000000c705900000)]
  0x000001e8d5f7e390 JavaThread "Compiler Source File Reader" daemon [_thread_blocked, id=21188, stack(0x000000c705900000,0x000000c705a00000)]
  0x000001e8d5f797a0 JavaThread "Compiler Source File Reader" daemon [_thread_blocked, id=23292, stack(0x000000c705a00000,0x000000c705b00000)]
  0x000001e8d5f7e8a0 JavaThread "Compiler Source File Reader" daemon [_thread_blocked, id=25624, stack(0x000000c705b00000,0x000000c705c00000)]
  0x000001e8d43b5b50 JavaThread "Compiler Source File Reader" daemon [_thread_blocked, id=21276, stack(0x000000c705c00000,0x000000c705d00000)]
  0x000001e8d7189450 JavaThread "Cleaner-0" daemon [_thread_blocked, id=24960, stack(0x000000c706000000,0x000000c706100000)]
  0x000001e8d566ab90 JavaThread "Worker-7" [_thread_blocked, id=16576, stack(0x000000c701e00000,0x000000c701f00000)]
  0x000001e8d5669240 JavaThread "Compiler Processing Task" daemon [_thread_blocked, id=31264, stack(0x000000c701f00000,0x000000c702000000)]
  0x000001e8d566bfd0 JavaThread "Worker-8" [_thread_blocked, id=22320, stack(0x000000c703f00000,0x000000c704000000)]
  0x000001e8d71866c0 JavaThread "Worker-9" [_thread_blocked, id=28392, stack(0x000000c705e00000,0x000000c705f00000)]
  0x000001e8d718a890 JavaThread "pool-1-thread-6" [_thread_blocked, id=31688, stack(0x000000c704b00000,0x000000c704c00000)]
  0x000001e8d718b2b0 JavaThread "Worker-10: Building" [_thread_in_native, id=4580, stack(0x000000c704e00000,0x000000c704f00000)]

Other Threads:
  0x000001e8ba12e860 VMThread "VM Thread" [stack: 0x000000c702200000,0x000000c702300000] [id=1252]
  0x000001e8d428dfa0 WatcherThread [stack: 0x000000c702e00000,0x000000c702f00000] [id=23708]
  0x000001e8ba098050 GCTaskThread "GC Thread#0" [stack: 0x000000c702100000,0x000000c702200000] [id=29292]
  0x000001e8d33fed10 GCTaskThread "GC Thread#1" [stack: 0x000000c702f00000,0x000000c703000000] [id=19908]
  0x000001e8d4853e60 GCTaskThread "GC Thread#2" [stack: 0x000000c703000000,0x000000c703100000] [id=16320]
  0x000001e8d4854120 GCTaskThread "GC Thread#3" [stack: 0x000000c703100000,0x000000c703200000] [id=26696]
  0x000001e8d48543e0 GCTaskThread "GC Thread#4" [stack: 0x000000c703200000,0x000000c703300000] [id=24804]
  0x000001e8d42ac390 GCTaskThread "GC Thread#5" [stack: 0x000000c703300000,0x000000c703400000] [id=5876]
  0x000001e8d42ac650 GCTaskThread "GC Thread#6" [stack: 0x000000c703400000,0x000000c703500000] [id=7544]
  0x000001e8d4a80490 GCTaskThread "GC Thread#7" [stack: 0x000000c703800000,0x000000c703900000] [id=17824]

Threads with active compile tasks:
C2 CompilerThread0   688519 29758       4       lombok.eclipse.handlers.HandleEqualsAndHashCode::createHashCode (2262 bytes)

VM state: not at safepoint (normal execution)

VM Mutex/Monitor currently owned by a thread: None

Heap address: 0x00000000c0000000, size: 1024 MB, Compressed Oops mode: 32-bit

CDS archive(s) not mapped
Compressed class space mapped at: 0x0000000100000000-0x0000000140000000, reserved size: 1073741824
Narrow klass base: 0x0000000000000000, Narrow klass shift: 3, Narrow klass range: 0x140000000

GC Precious Log:
 CPUs: 8 total, 8 available
 Memory: 8014M
 Large Page Support: Disabled
 NUMA Support: Disabled
 Compressed Oops: Enabled (32-bit)
 Alignments: Space 512K, Generation 512K, Heap 2M
 Heap Min Capacity: 100M
 Heap Initial Capacity: 100M
 Heap Max Capacity: 1G
 Pre-touch: Disabled
 Parallel Workers: 8

Heap:
 PSYoungGen      total 6144K, used 3228K [0x00000000eab00000, 0x00000000eb300000, 0x0000000100000000)
  eden space 5120K, 49% used [0x00000000eab00000,0x00000000ead77170,0x00000000eb000000)
  from space 1024K, 68% used [0x00000000eb100000,0x00000000eb1b0020,0x00000000eb200000)
  to   space 1024K, 0% used [0x00000000eb200000,0x00000000eb200000,0x00000000eb300000)
 ParOldGen       total 334336K, used 291365K [0x00000000c0000000, 0x00000000d4680000, 0x00000000eab00000)
  object space 334336K, 87% used [0x00000000c0000000,0x00000000d1c894c0,0x00000000d4680000)
 Metaspace       used 96861K, committed 98368K, reserved 1179648K
  class space    used 9556K, committed 10240K, reserved 1048576K

Card table byte_map: [0x000001e8b9a20000,0x000001e8b9c30000] _byte_map_base: 0x000001e8b9420000

Marking Bits: (ParMarkBitMap*) 0x00007ffddf7fd820
 Begin Bits: [0x000001e8cbd10000, 0x000001e8ccd10000)
 End Bits:   [0x000001e8ccd10000, 0x000001e8cdd10000)

Polling page: 0x000001e8b8060000

Metaspace:

Usage:
  Non-class:     85.26 MB used.
      Class:      9.33 MB used.
       Both:     94.59 MB used.

Virtual space:
  Non-class space:      128.00 MB reserved,      86.06 MB ( 67%) committed,  2 nodes.
      Class space:        1.00 GB reserved,      10.00 MB ( <1%) committed,  1 nodes.
             Both:        1.12 GB reserved,      96.06 MB (  8%) committed. 

Chunk freelists:
   Non-Class:  9.20 MB
       Class:  6.03 MB
        Both:  15.24 MB

MaxMetaspaceSize: unlimited
CompressedClassSpaceSize: 1.00 GB
Initial GC threshold: 21.00 MB
Current GC threshold: 159.94 MB
CDS: off
MetaspaceReclaimPolicy: balanced
 - commit_granule_bytes: 65536.
 - commit_granule_words: 8192.
 - virtual_space_node_default_size: 8388608.
 - enlarge_chunks_in_place: 1.
 - new_chunks_are_fully_committed: 0.
 - uncommit_free_chunks: 1.
 - use_allocation_guard: 0.
 - handle_deallocations: 1.


Internal statistics:

num_allocs_failed_limit: 9.
num_arena_births: 1310.
num_arena_deaths: 18.
num_vsnodes_births: 3.
num_vsnodes_deaths: 0.
num_space_committed: 1537.
num_space_uncommitted: 0.
num_chunks_returned_to_freelist: 27.
num_chunks_taken_from_freelist: 5667.
num_chunk_merges: 14.
num_chunk_splits: 3386.
num_chunks_enlarged: 1756.
num_inconsistent_stats: 0.

CodeHeap 'non-profiled nmethods': size=120000Kb used=22378Kb max_used=22378Kb free=97621Kb
 bounds [0x000001e8c47e0000, 0x000001e8c5dc0000, 0x000001e8cbd10000]
CodeHeap 'profiled nmethods': size=120000Kb used=41945Kb max_used=42212Kb free=78054Kb
 bounds [0x000001e8bcd10000, 0x000001e8bf680000, 0x000001e8c4240000]
CodeHeap 'non-nmethods': size=5760Kb used=1450Kb max_used=1560Kb free=4309Kb
 bounds [0x000001e8c4240000, 0x000001e8c44b0000, 0x000001e8c47e0000]
 total_blobs=20588 nmethods=19783 adapters=714
 compilation: enabled
              stopped_count=0, restarted_count=0
 full_count=0

Compilation events (20 events):
Event: 688.158 Thread 0x000001e8d30ccae0 29764       3       org.eclipse.jdt.internal.corext.refactoring.code.SnippetFinder$Matcher::match (182 bytes)
Event: 688.160 Thread 0x000001e8d30ccae0 nmethod 29764 0x000001e8be92f710 code [0x000001e8be92fb40, 0x000001e8be932068]
Event: 688.160 Thread 0x000001e8d30ccae0 29761       3       org.eclipse.jdt.internal.corext.refactoring.code.flow.FlowAnalyzer::visitNode (6 bytes)
Event: 688.160 Thread 0x000001e8d30ccae0 nmethod 29761 0x000001e8bed21b90 code [0x000001e8bed21d40, 0x000001e8bed21f08]
Event: 688.160 Thread 0x000001e8d30ccae0 29762       3       org.eclipse.jdt.internal.corext.refactoring.code.flow.FlowAnalyzer::skipNode (14 bytes)
Event: 688.161 Thread 0x000001e8d30ccae0 nmethod 29762 0x000001e8be2a9910 code [0x000001e8be2a9ac0, 0x000001e8be2a9ce8]
Event: 688.368 Thread 0x000001e8d30ccae0 29766       3       org.eclipse.jdt.ls.core.internal.handlers.WorkspaceDiagnosticsHandler$$Lambda$428/0x0000000100644248::<init> (15 bytes)
Event: 688.368 Thread 0x000001e8d30ccae0 nmethod 29766 0x000001e8befbba10 code [0x000001e8befbbba0, 0x000001e8befbbd38]
Event: 688.368 Thread 0x000001e8d30ccae0 29767       3       java.util.stream.Collectors::toCollection (22 bytes)
Event: 688.369 Thread 0x000001e8d30ccae0 nmethod 29767 0x000001e8bdf64810 code [0x000001e8bdf649e0, 0x000001e8bdf64ec8]
Event: 688.369 Thread 0x000001e8d30ccae0 29768       3       org.eclipse.jdt.ls.core.internal.handlers.WorkspaceDiagnosticsHandler$$Lambda$430/0x00000001006446d0::get (8 bytes)
Event: 688.369 Thread 0x000001e8d30ccae0 nmethod 29768 0x000001e8bdbfe490 code [0x000001e8bdbfe640, 0x000001e8bdbfe938]
Event: 688.371 Thread 0x000001e8d30ccae0 29769       3       org.eclipse.jdt.internal.compiler.ast.LambdaExpression::traverse (78 bytes)
Event: 688.372 Thread 0x000001e8d30ccae0 nmethod 29769 0x000001e8bd4f7f90 code [0x000001e8bd4f8180, 0x000001e8bd4f87b8]
Event: 688.372 Thread 0x000001e8d30ccae0 29770       3       org.eclipse.jdt.internal.compiler.ASTVisitor::endVisit (1 bytes)
Event: 688.372 Thread 0x000001e8d30ccae0 nmethod 29770 0x000001e8bddc6290 code [0x000001e8bddc6420, 0x000001e8bddc6538]
Event: 688.386 Thread 0x000001e8d30ccae0 29771       3       org.eclipse.jdt.internal.compiler.ast.AllocationExpression::isPolyExpression (45 bytes)
Event: 688.386 Thread 0x000001e8d30ccae0 nmethod 29771 0x000001e8bded8e10 code [0x000001e8bded8fc0, 0x000001e8bded9218]
Event: 688.389 Thread 0x000001e8d30ccae0 29772       3       org.eclipse.jdt.core.dom.CastExpression::accept0 (34 bytes)
Event: 688.390 Thread 0x000001e8d30ccae0 nmethod 29772 0x000001e8be113490 code [0x000001e8be1136a0, 0x000001e8be113bb8]

GC Heap History (20 events):
Event: 687.875 GC heap before
{Heap before GC invocations=4672 (full 112):
 PSYoungGen      total 6144K, used 5696K [0x00000000eab00000, 0x00000000eb200000, 0x0000000100000000)
  eden space 5120K, 100% used [0x00000000eab00000,0x00000000eb000000,0x00000000eb000000)
  from space 1024K, 56% used [0x00000000eb000000,0x00000000eb090000,0x00000000eb100000)
  to   space 1024K, 0% used [0x00000000eb100000,0x00000000eb100000,0x00000000eb200000)
 ParOldGen       total 334336K, used 282206K [0x00000000c0000000, 0x00000000d4680000, 0x00000000eab00000)
  object space 334336K, 84% used [0x00000000c0000000,0x00000000d1397960,0x00000000d4680000)
 Metaspace       used 96854K, committed 98368K, reserved 1179648K
  class space    used 9556K, committed 10240K, reserved 1048576K
}
Event: 687.877 GC heap after
{Heap after GC invocations=4672 (full 112):
 PSYoungGen      total 6144K, used 656K [0x00000000eab00000, 0x00000000eb200000, 0x0000000100000000)
  eden space 5120K, 0% used [0x00000000eab00000,0x00000000eab00000,0x00000000eb000000)
  from space 1024K, 64% used [0x00000000eb100000,0x00000000eb1a4010,0x00000000eb200000)
  to   space 1024K, 0% used [0x00000000eb000000,0x00000000eb000000,0x00000000eb100000)
 ParOldGen       total 334336K, used 282670K [0x00000000c0000000, 0x00000000d4680000, 0x00000000eab00000)
  object space 334336K, 84% used [0x00000000c0000000,0x00000000d140b9e0,0x00000000d4680000)
 Metaspace       used 96854K, committed 98368K, reserved 1179648K
  class space    used 9556K, committed 10240K, reserved 1048576K
}
Event: 688.194 GC heap before
{Heap before GC invocations=4673 (full 112):
 PSYoungGen      total 6144K, used 5776K [0x00000000eab00000, 0x00000000eb200000, 0x0000000100000000)
  eden space 5120K, 100% used [0x00000000eab00000,0x00000000eb000000,0x00000000eb000000)
  from space 1024K, 64% used [0x00000000eb100000,0x00000000eb1a4010,0x00000000eb200000)
  to   space 1024K, 0% used [0x00000000eb000000,0x00000000eb000000,0x00000000eb100000)
 ParOldGen       total 334336K, used 282670K [0x00000000c0000000, 0x00000000d4680000, 0x00000000eab00000)
  object space 334336K, 84% used [0x00000000c0000000,0x00000000d140b9e0,0x00000000d4680000)
 Metaspace       used 96859K, committed 98368K, reserved 1179648K
  class space    used 9556K, committed 10240K, reserved 1048576K
}
Event: 688.197 GC heap after
{Heap after GC invocations=4673 (full 112):
 PSYoungGen      total 6144K, used 1014K [0x00000000eab00000, 0x00000000eb800000, 0x0000000100000000)
  eden space 5120K, 0% used [0x00000000eab00000,0x00000000eab00000,0x00000000eb000000)
  from space 1024K, 99% used [0x00000000eb000000,0x00000000eb0fda40,0x00000000eb100000)
  to   space 4096K, 0% used [0x00000000eb400000,0x00000000eb400000,0x00000000eb800000)
 ParOldGen       total 334336K, used 284934K [0x00000000c0000000, 0x00000000d4680000, 0x00000000eab00000)
  object space 334336K, 85% used [0x00000000c0000000,0x00000000d1641a20,0x00000000d4680000)
 Metaspace       used 96859K, committed 98368K, reserved 1179648K
  class space    used 9556K, committed 10240K, reserved 1048576K
}
Event: 688.230 GC heap before
{Heap before GC invocations=4674 (full 112):
 PSYoungGen      total 6144K, used 6134K [0x00000000eab00000, 0x00000000eb800000, 0x0000000100000000)
  eden space 5120K, 100% used [0x00000000eab00000,0x00000000eb000000,0x00000000eb000000)
  from space 1024K, 99% used [0x00000000eb000000,0x00000000eb0fda40,0x00000000eb100000)
  to   space 4096K, 0% used [0x00000000eb400000,0x00000000eb400000,0x00000000eb800000)
 ParOldGen       total 334336K, used 284934K [0x00000000c0000000, 0x00000000d4680000, 0x00000000eab00000)
  object space 334336K, 85% used [0x00000000c0000000,0x00000000d1641a20,0x00000000d4680000)
 Metaspace       used 96859K, committed 98368K, reserved 1179648K
  class space    used 9556K, committed 10240K, reserved 1048576K
}
Event: 688.234 GC heap after
{Heap after GC invocations=4674 (full 112):
 PSYoungGen      total 8192K, used 2938K [0x00000000eab00000, 0x00000000eb700000, 0x0000000100000000)
  eden space 5120K, 0% used [0x00000000eab00000,0x00000000eab00000,0x00000000eb000000)
  from space 3072K, 95% used [0x00000000eb400000,0x00000000eb6de900,0x00000000eb700000)
  to   space 3072K, 0% used [0x00000000eb100000,0x00000000eb100000,0x00000000eb400000)
 ParOldGen       total 334336K, used 285914K [0x00000000c0000000, 0x00000000d4680000, 0x00000000eab00000)
  object space 334336K, 85% used [0x00000000c0000000,0x00000000d1736b60,0x00000000d4680000)
 Metaspace       used 96859K, committed 98368K, reserved 1179648K
  class space    used 9556K, committed 10240K, reserved 1048576K
}
Event: 688.250 GC heap before
{Heap before GC invocations=4675 (full 112):
 PSYoungGen      total 8192K, used 8058K [0x00000000eab00000, 0x00000000eb700000, 0x0000000100000000)
  eden space 5120K, 100% used [0x00000000eab00000,0x00000000eb000000,0x00000000eb000000)
  from space 3072K, 95% used [0x00000000eb400000,0x00000000eb6de900,0x00000000eb700000)
  to   space 3072K, 0% used [0x00000000eb100000,0x00000000eb100000,0x00000000eb400000)
 ParOldGen       total 334336K, used 285914K [0x00000000c0000000, 0x00000000d4680000, 0x00000000eab00000)
  object space 334336K, 85% used [0x00000000c0000000,0x00000000d1736b60,0x00000000d4680000)
 Metaspace       used 96859K, committed 98368K, reserved 1179648K
  class space    used 9556K, committed 10240K, reserved 1048576K
}
Event: 688.256 GC heap after
{Heap after GC invocations=4675 (full 112):
 PSYoungGen      total 5632K, used 480K [0x00000000eab00000, 0x00000000eb480000, 0x0000000100000000)
  eden space 5120K, 0% used [0x00000000eab00000,0x00000000eab00000,0x00000000eb000000)
  from space 512K, 93% used [0x00000000eb100000,0x00000000eb178000,0x00000000eb180000)
  to   space 1536K, 0% used [0x00000000eb300000,0x00000000eb300000,0x00000000eb480000)
 ParOldGen       total 334336K, used 288751K [0x00000000c0000000, 0x00000000d4680000, 0x00000000eab00000)
  object space 334336K, 86% used [0x00000000c0000000,0x00000000d19fbd60,0x00000000d4680000)
 Metaspace       used 96859K, committed 98368K, reserved 1179648K
  class space    used 9556K, committed 10240K, reserved 1048576K
}
Event: 688.277 GC heap before
{Heap before GC invocations=4676 (full 112):
 PSYoungGen      total 5632K, used 5600K [0x00000000eab00000, 0x00000000eb480000, 0x0000000100000000)
  eden space 5120K, 100% used [0x00000000eab00000,0x00000000eb000000,0x00000000eb000000)
  from space 512K, 93% used [0x00000000eb100000,0x00000000eb178000,0x00000000eb180000)
  to   space 1536K, 0% used [0x00000000eb300000,0x00000000eb300000,0x00000000eb480000)
 ParOldGen       total 334336K, used 288751K [0x00000000c0000000, 0x00000000d4680000, 0x00000000eab00000)
  object space 334336K, 86% used [0x00000000c0000000,0x00000000d19fbd60,0x00000000d4680000)
 Metaspace       used 96859K, committed 98368K, reserved 1179648K
  class space    used 9556K, committed 10240K, reserved 1048576K
}
Event: 688.280 GC heap after
{Heap after GC invocations=4676 (full 112):
 PSYoungGen      total 6144K, used 544K [0x00000000eab00000, 0x00000000eb400000, 0x0000000100000000)
  eden space 5120K, 0% used [0x00000000eab00000,0x00000000eab00000,0x00000000eb000000)
  from space 1024K, 53% used [0x00000000eb300000,0x00000000eb388000,0x00000000eb400000)
  to   space 1024K, 0% used [0x00000000eb200000,0x00000000eb200000,0x00000000eb300000)
 ParOldGen       total 334336K, used 289127K [0x00000000c0000000, 0x00000000d4680000, 0x00000000eab00000)
  object space 334336K, 86% used [0x00000000c0000000,0x00000000d1a59d80,0x00000000d4680000)
 Metaspace       used 96859K, committed 98368K, reserved 1179648K
  class space    used 9556K, committed 10240K, reserved 1048576K
}
Event: 688.301 GC heap before
{Heap before GC invocations=4677 (full 112):
 PSYoungGen      total 6144K, used 5664K [0x00000000eab00000, 0x00000000eb400000, 0x0000000100000000)
  eden space 5120K, 100% used [0x00000000eab00000,0x00000000eb000000,0x00000000eb000000)
  from space 1024K, 53% used [0x00000000eb300000,0x00000000eb388000,0x00000000eb400000)
  to   space 1024K, 0% used [0x00000000eb200000,0x00000000eb200000,0x00000000eb300000)
 ParOldGen       total 334336K, used 289127K [0x00000000c0000000, 0x00000000d4680000, 0x00000000eab00000)
  object space 334336K, 86% used [0x00000000c0000000,0x00000000d1a59d80,0x00000000d4680000)
 Metaspace       used 96859K, committed 98368K, reserved 1179648K
  class space    used 9556K, committed 10240K, reserved 1048576K
}
Event: 688.304 GC heap after
{Heap after GC invocations=4677 (full 112):
 PSYoungGen      total 6144K, used 836K [0x00000000eab00000, 0x00000000eb380000, 0x0000000100000000)
  eden space 5120K, 0% used [0x00000000eab00000,0x00000000eab00000,0x00000000eb000000)
  from space 1024K, 81% used [0x00000000eb200000,0x00000000eb2d1210,0x00000000eb300000)
  to   space 512K, 0% used [0x00000000eb300000,0x00000000eb300000,0x00000000eb380000)
 ParOldGen       total 334336K, used 289531K [0x00000000c0000000, 0x00000000d4680000, 0x00000000eab00000)
  object space 334336K, 86% used [0x00000000c0000000,0x00000000d1abedd0,0x00000000d4680000)
 Metaspace       used 96859K, committed 98368K, reserved 1179648K
  class space    used 9556K, committed 10240K, reserved 1048576K
}
Event: 688.325 GC heap before
{Heap before GC invocations=4678 (full 112):
 PSYoungGen      total 6144K, used 5956K [0x00000000eab00000, 0x00000000eb380000, 0x0000000100000000)
  eden space 5120K, 100% used [0x00000000eab00000,0x00000000eb000000,0x00000000eb000000)
  from space 1024K, 81% used [0x00000000eb200000,0x00000000eb2d1210,0x00000000eb300000)
  to   space 512K, 0% used [0x00000000eb300000,0x00000000eb300000,0x00000000eb380000)
 ParOldGen       total 334336K, used 289531K [0x00000000c0000000, 0x00000000d4680000, 0x00000000eab00000)
  object space 334336K, 86% used [0x00000000c0000000,0x00000000d1abedd0,0x00000000d4680000)
 Metaspace       used 96859K, committed 98368K, reserved 1179648K
  class space    used 9556K, committed 10240K, reserved 1048576K
}
Event: 688.327 GC heap after
{Heap after GC invocations=4678 (full 112):
 PSYoungGen      total 5632K, used 506K [0x00000000eab00000, 0x00000000eb380000, 0x0000000100000000)
  eden space 5120K, 0% used [0x00000000eab00000,0x00000000eab00000,0x00000000eb000000)
  from space 512K, 98% used [0x00000000eb300000,0x00000000eb37e900,0x00000000eb380000)
  to   space 1536K, 0% used [0x00000000eb080000,0x00000000eb080000,0x00000000eb200000)
 ParOldGen       total 334336K, used 290167K [0x00000000c0000000, 0x00000000d4680000, 0x00000000eab00000)
  object space 334336K, 86% used [0x00000000c0000000,0x00000000d1b5de20,0x00000000d4680000)
 Metaspace       used 96859K, committed 98368K, reserved 1179648K
  class space    used 9556K, committed 10240K, reserved 1048576K
}
Event: 688.342 GC heap before
{Heap before GC invocations=4679 (full 112):
 PSYoungGen      total 5632K, used 5626K [0x00000000eab00000, 0x00000000eb380000, 0x0000000100000000)
  eden space 5120K, 100% used [0x00000000eab00000,0x00000000eb000000,0x00000000eb000000)
  from space 512K, 98% used [0x00000000eb300000,0x00000000eb37e900,0x00000000eb380000)
  to   space 1536K, 0% used [0x00000000eb080000,0x00000000eb080000,0x00000000eb200000)
 ParOldGen       total 334336K, used 290167K [0x00000000c0000000, 0x00000000d4680000, 0x00000000eab00000)
  object space 334336K, 86% used [0x00000000c0000000,0x00000000d1b5de20,0x00000000d4680000)
 Metaspace       used 96859K, committed 98368K, reserved 1179648K
  class space    used 9556K, committed 10240K, reserved 1048576K
}
Event: 688.345 GC heap after
{Heap after GC invocations=4679 (full 112):
 PSYoungGen      total 6656K, used 416K [0x00000000eab00000, 0x00000000eb380000, 0x0000000100000000)
  eden space 5120K, 0% used [0x00000000eab00000,0x00000000eab00000,0x00000000eb000000)
  from space 1536K, 27% used [0x00000000eb080000,0x00000000eb0e8000,0x00000000eb200000)
  to   space 1024K, 0% used [0x00000000eb280000,0x00000000eb280000,0x00000000eb380000)
 ParOldGen       total 334336K, used 290673K [0x00000000c0000000, 0x00000000d4680000, 0x00000000eab00000)
  object space 334336K, 86% used [0x00000000c0000000,0x00000000d1bdc430,0x00000000d4680000)
 Metaspace       used 96859K, committed 98368K, reserved 1179648K
  class space    used 9556K, committed 10240K, reserved 1048576K
}
Event: 688.362 GC heap before
{Heap before GC invocations=4680 (full 112):
 PSYoungGen      total 6656K, used 5535K [0x00000000eab00000, 0x00000000eb380000, 0x0000000100000000)
  eden space 5120K, 99% used [0x00000000eab00000,0x00000000eafffff8,0x00000000eb000000)
  from space 1536K, 27% used [0x00000000eb080000,0x00000000eb0e8000,0x00000000eb200000)
  to   space 1024K, 0% used [0x00000000eb280000,0x00000000eb280000,0x00000000eb380000)
 ParOldGen       total 334336K, used 290673K [0x00000000c0000000, 0x00000000d4680000, 0x00000000eab00000)
  object space 334336K, 86% used [0x00000000c0000000,0x00000000d1bdc430,0x00000000d4680000)
 Metaspace       used 96859K, committed 98368K, reserved 1179648K
  class space    used 9556K, committed 10240K, reserved 1048576K
}
Event: 688.364 GC heap after
{Heap after GC invocations=4680 (full 112):
 PSYoungGen      total 5632K, used 512K [0x00000000eab00000, 0x00000000eb300000, 0x0000000100000000)
  eden space 5120K, 0% used [0x00000000eab00000,0x00000000eab00000,0x00000000eb000000)
  from space 512K, 100% used [0x00000000eb280000,0x00000000eb300000,0x00000000eb300000)
  to   space 1024K, 0% used [0x00000000eb100000,0x00000000eb100000,0x00000000eb200000)
 ParOldGen       total 334336K, used 290985K [0x00000000c0000000, 0x00000000d4680000, 0x00000000eab00000)
  object space 334336K, 87% used [0x00000000c0000000,0x00000000d1c2a470,0x00000000d4680000)
 Metaspace       used 96859K, committed 98368K, reserved 1179648K
  class space    used 9556K, committed 10240K, reserved 1048576K
}
Event: 688.383 GC heap before
{Heap before GC invocations=4681 (full 112):
 PSYoungGen      total 5632K, used 5632K [0x00000000eab00000, 0x00000000eb300000, 0x0000000100000000)
  eden space 5120K, 100% used [0x00000000eab00000,0x00000000eb000000,0x00000000eb000000)
  from space 512K, 100% used [0x00000000eb280000,0x00000000eb300000,0x00000000eb300000)
  to   space 1024K, 0% used [0x00000000eb100000,0x00000000eb100000,0x00000000eb200000)
 ParOldGen       total 334336K, used 290985K [0x00000000c0000000, 0x00000000d4680000, 0x00000000eab00000)
  object space 334336K, 87% used [0x00000000c0000000,0x00000000d1c2a470,0x00000000d4680000)
 Metaspace       used 96861K, committed 98368K, reserved 1179648K
  class space    used 9556K, committed 10240K, reserved 1048576K
}
Event: 688.385 GC heap after
{Heap after GC invocations=4681 (full 112):
 PSYoungGen      total 6144K, used 704K [0x00000000eab00000, 0x00000000eb300000, 0x0000000100000000)
  eden space 5120K, 0% used [0x00000000eab00000,0x00000000eab00000,0x00000000eb000000)
  from space 1024K, 68% used [0x00000000eb100000,0x00000000eb1b0020,0x00000000eb200000)
  to   space 1024K, 0% used [0x00000000eb200000,0x00000000eb200000,0x00000000eb300000)
 ParOldGen       total 334336K, used 291365K [0x00000000c0000000, 0x00000000d4680000, 0x00000000eab00000)
  object space 334336K, 87% used [0x00000000c0000000,0x00000000d1c894c0,0x00000000d4680000)
 Metaspace       used 96861K, committed 98368K, reserved 1179648K
  class space    used 9556K, committed 10240K, reserved 1048576K
}

Dll operation events (12 events):
Event: 0.023 Loaded shared library c:\Users\parimal\.vscode\extensions\redhat.java-1.33.0-win32-x64\jre\17.0.11-win32-x86_64\bin\java.dll
Event: 0.471 Loaded shared library c:\Users\parimal\.vscode\extensions\redhat.java-1.33.0-win32-x64\jre\17.0.11-win32-x86_64\bin\zip.dll
Event: 0.481 Loaded shared library C:\Users\parimal\.vscode\extensions\redhat.java-1.33.0-win32-x64\jre\17.0.11-win32-x86_64\bin\instrument.dll
Event: 0.551 Loaded shared library C:\Users\parimal\.vscode\extensions\redhat.java-1.33.0-win32-x64\jre\17.0.11-win32-x86_64\bin\net.dll
Event: 0.557 Loaded shared library C:\Users\parimal\.vscode\extensions\redhat.java-1.33.0-win32-x64\jre\17.0.11-win32-x86_64\bin\nio.dll
Event: 0.580 Loaded shared library C:\Users\parimal\.vscode\extensions\redhat.java-1.33.0-win32-x64\jre\17.0.11-win32-x86_64\bin\zip.dll
Event: 0.673 Loaded shared library C:\Users\parimal\.vscode\extensions\redhat.java-1.33.0-win32-x64\jre\17.0.11-win32-x86_64\bin\jimage.dll
Event: 0.969 Loaded shared library c:\Users\parimal\.vscode\extensions\redhat.java-1.33.0-win32-x64\jre\17.0.11-win32-x86_64\bin\verify.dll
Event: 7.857 Loaded shared library C:\Users\parimal\AppData\Roaming\Code\User\globalStorage\redhat.java\1.33.0\config_win\org.eclipse.equinox.launcher\org.eclipse.equinox.launcher.win32.win32.x86_64_1.2.1100.v20240722-2106\eclipse_11904.dll
Event: 16.484 Loaded shared library C:\Users\parimal\AppData\Local\Temp\jna--793257872\jna15491418758624029823.dll
Event: 361.652 Loaded shared library C:\Users\parimal\.vscode\extensions\redhat.java-1.33.0-win32-x64\jre\17.0.11-win32-x86_64\bin\sunmscapi.dll
Event: 361.715 Loaded shared library C:\Users\parimal\.vscode\extensions\redhat.java-1.33.0-win32-x64\jre\17.0.11-win32-x86_64\bin\extnet.dll

Deoptimization events (20 events):
Event: 683.021 Thread 0x000001e8d5f77940 Uncommon trap: trap_request=0xfffffff4 fr.pc=0x000001e8c4d0c230 relative=0x0000000000000310
Event: 683.021 Thread 0x000001e8d5f77940 Uncommon trap: reason=null_check action=make_not_entrant pc=0x000001e8c4d0c230 method=org.eclipse.jdt.internal.core.BinaryType.equals(Ljava/lang/Object;)Z @ 8 c2
Event: 683.021 Thread 0x000001e8d5f77940 DEOPT PACKING pc=0x000001e8c4d0c230 sp=0x000000c704dfe1a0
Event: 683.021 Thread 0x000001e8d5f77940 DEOPT UNPACKING pc=0x000001e8c42966a3 sp=0x000000c704dfe150 mode 2
Event: 683.096 Thread 0x000001e8d718a890 DEOPT PACKING pc=0x000001e8bdd9c8ef sp=0x000000c704bfe960
Event: 683.096 Thread 0x000001e8d718a890 DEOPT UNPACKING pc=0x000001e8c4296e43 sp=0x000000c704bfde48 mode 0
Event: 684.140 Thread 0x000001e8d5f7abe0 DEOPT PACKING pc=0x000001e8beb045eb sp=0x000000c7050fede0
Event: 684.141 Thread 0x000001e8d5f7abe0 DEOPT UNPACKING pc=0x000001e8c4296e43 sp=0x000000c7050fe2e0 mode 0
Event: 687.392 Thread 0x000001e8d5f79290 Uncommon trap: trap_request=0xffffffde fr.pc=0x000001e8c55f26dc relative=0x0000000000001ebc
Event: 687.392 Thread 0x000001e8d5f79290 Uncommon trap: reason=class_check action=maybe_recompile pc=0x000001e8c55f26dc method=org.eclipse.jdt.internal.compiler.parser.Scanner.jumpOverBody()V @ 1421 c2
Event: 687.392 Thread 0x000001e8d5f79290 DEOPT PACKING pc=0x000001e8c55f26dc sp=0x000000c7054fe8b0
Event: 687.392 Thread 0x000001e8d5f79290 DEOPT UNPACKING pc=0x000001e8c42966a3 sp=0x000000c7054fe870 mode 2
Event: 687.424 Thread 0x000001e8d5f79290 Uncommon trap: trap_request=0xffffffde fr.pc=0x000001e8c55f26dc relative=0x0000000000001ebc
Event: 687.424 Thread 0x000001e8d5f79290 Uncommon trap: reason=class_check action=maybe_recompile pc=0x000001e8c55f26dc method=org.eclipse.jdt.internal.compiler.parser.Scanner.jumpOverBody()V @ 1421 c2
Event: 687.424 Thread 0x000001e8d5f79290 DEOPT PACKING pc=0x000001e8c55f26dc sp=0x000000c7054fe8b0
Event: 687.424 Thread 0x000001e8d5f79290 DEOPT UNPACKING pc=0x000001e8c42966a3 sp=0x000000c7054fe870 mode 2
Event: 687.451 Thread 0x000001e8d5f79290 Uncommon trap: trap_request=0xffffff45 fr.pc=0x000001e8c5031dec relative=0x00000000000001ac
Event: 687.451 Thread 0x000001e8d5f79290 Uncommon trap: reason=unstable_if action=reinterpret pc=0x000001e8c5031dec method=org.eclipse.jdt.internal.compiler.ast.MessageSend.traverse(Lorg/eclipse/jdt/internal/compiler/ASTVisitor;Lorg/eclipse/jdt/internal/compiler/lookup/BlockScope;)V @ 6 c2
Event: 687.451 Thread 0x000001e8d5f79290 DEOPT PACKING pc=0x000001e8c5031dec sp=0x000000c7054fe6c0
Event: 687.451 Thread 0x000001e8d5f79290 DEOPT UNPACKING pc=0x000001e8c42966a3 sp=0x000000c7054fe658 mode 2

Classes unloaded (9 events):
Event: 18.093 Thread 0x000001e8ba12e860 Unloading class 0x0000000100252400 'java/lang/invoke/LambdaForm$MH+0x0000000100252400'
Event: 18.093 Thread 0x000001e8ba12e860 Unloading class 0x0000000100252000 'java/lang/invoke/LambdaForm$MH+0x0000000100252000'
Event: 18.093 Thread 0x000001e8ba12e860 Unloading class 0x0000000100251c00 'java/lang/invoke/LambdaForm$MH+0x0000000100251c00'
Event: 18.093 Thread 0x000001e8ba12e860 Unloading class 0x0000000100251800 'java/lang/invoke/LambdaForm$MH+0x0000000100251800'
Event: 18.093 Thread 0x000001e8ba12e860 Unloading class 0x0000000100251400 'java/lang/invoke/LambdaForm$BMH+0x0000000100251400'
Event: 18.093 Thread 0x000001e8ba12e860 Unloading class 0x0000000100251000 'java/lang/invoke/LambdaForm$DMH+0x0000000100251000'
Event: 18.093 Thread 0x000001e8ba12e860 Unloading class 0x000000010024c400 'java/lang/invoke/LambdaForm$DMH+0x000000010024c400'
Event: 36.366 Thread 0x000001e8ba12e860 Unloading class 0x000000010080cc00 'java/lang/invoke/LambdaForm$MH+0x000000010080cc00'
Event: 36.366 Thread 0x000001e8ba12e860 Unloading class 0x000000010080c400 'java/lang/invoke/LambdaForm$DMH+0x000000010080c400'

Classes redefined (0 events):
No events

Internal exceptions (20 events):
Event: 648.865 Thread 0x000001e8d43b28b0 Exception <a 'sun/nio/fs/WindowsException'{0x00000000eacae328}> (0x00000000eacae328) 
thrown [s\src\hotspot\share\prims\jni.cpp, line 516]
Event: 658.372 Thread 0x000001e8d43b28b0 Exception <a 'sun/nio/fs/WindowsException'{0x00000000eaf8caf0}> (0x00000000eaf8caf0) 
thrown [s\src\hotspot\share\prims\jni.cpp, line 516]
Event: 658.540 Thread 0x000001e8d43b28b0 Exception <a 'sun/nio/fs/WindowsException'{0x00000000eac316c8}> (0x00000000eac316c8) 
thrown [s\src\hotspot\share\prims\jni.cpp, line 516]
Event: 663.116 Thread 0x000001e8d43b28b0 Exception <a 'sun/nio/fs/WindowsException'{0x00000000eab2cca8}> (0x00000000eab2cca8) 
thrown [s\src\hotspot\share\prims\jni.cpp, line 516]
Event: 663.283 Thread 0x000001e8d43b28b0 Exception <a 'sun/nio/fs/WindowsException'{0x00000000eab18ab0}> (0x00000000eab18ab0) 
thrown [s\src\hotspot\share\prims\jni.cpp, line 516]
Event: 678.784 Thread 0x000001e8d5f77940 Exception <a 'java/lang/ArrayIndexOutOfBoundsException'{0x00000000ead41950}> (0x00000000ead41950) 
thrown [s\src\hotspot\share\runtime\sharedRuntime.cpp, line 631]
Event: 678.835 Thread 0x000001e8d5f77940 Exception <a 'java/lang/ArrayIndexOutOfBoundsException'{0x00000000eac9dc10}> (0x00000000eac9dc10) 
thrown [s\src\hotspot\share\runtime\sharedRuntime.cpp, line 631]
Event: 678.835 Thread 0x000001e8d5f77940 Exception <a 'java/lang/ArrayIndexOutOfBoundsException'{0x00000000eac9f298}> (0x00000000eac9f298) 
thrown [s\src\hotspot\share\runtime\sharedRuntime.cpp, line 631]
Event: 678.835 Thread 0x000001e8d5f77940 Exception <a 'java/lang/ArrayIndexOutOfBoundsException'{0x00000000eac9f860}> (0x00000000eac9f860) 
thrown [s\src\hotspot\share\runtime\sharedRuntime.cpp, line 631]
Event: 681.267 Thread 0x000001e8d43b28b0 Exception <a 'sun/nio/fs/WindowsException'{0x00000000eade1ed8}> (0x00000000eade1ed8) 
thrown [s\src\hotspot\share\prims\jni.cpp, line 516]
Event: 681.438 Thread 0x000001e8d43b28b0 Exception <a 'sun/nio/fs/WindowsException'{0x00000000eab604f0}> (0x00000000eab604f0) 
thrown [s\src\hotspot\share\prims\jni.cpp, line 516]
Event: 682.870 Thread 0x000001e8d5f77940 Exception <a 'java/lang/ArrayIndexOutOfBoundsException'{0x00000000eab88bd8}> (0x00000000eab88bd8) 
thrown [s\src\hotspot\share\runtime\sharedRuntime.cpp, line 631]
Event: 683.021 Thread 0x000001e8d5f77940 Implicit null exception at 0x000001e8c50c9270 to 0x000001e8c50c9545
Event: 683.021 Thread 0x000001e8d5f77940 Implicit null exception at 0x000001e8c4d0bf60 to 0x000001e8c4d0c21d
Event: 683.095 Thread 0x000001e8d718a890 Exception <a 'java/lang/ClassNotFoundException'{0x00000000eabf2f00}: sun/net/www/protocol/eclipse-javadoc/Handler> (0x00000000eabf2f00) 
thrown [s\src\hotspot\share\classfile\systemDictionary.cpp, line 256]
Event: 683.095 Thread 0x000001e8d718a890 Exception <a 'java/lang/ClassNotFoundException'{0x00000000eac05420}: sun/net/www/protocol/eclipse-javadoc/Handler> (0x00000000eac05420) 
thrown [s\src\hotspot\share\classfile\systemDictionary.cpp, line 256]
Event: 685.244 Thread 0x000001e8d43b28b0 Exception <a 'sun/nio/fs/WindowsException'{0x00000000eafe3bb0}> (0x00000000eafe3bb0) 
thrown [s\src\hotspot\share\prims\jni.cpp, line 516]
Event: 685.516 Thread 0x000001e8d43b28b0 Exception <a 'sun/nio/fs/WindowsException'{0x00000000eab286e0}> (0x00000000eab286e0) 
thrown [s\src\hotspot\share\prims\jni.cpp, line 516]
Event: 687.392 Thread 0x000001e8d5f79290 Exception <a 'java/lang/ArrayIndexOutOfBoundsException'{0x00000000eac6a198}> (0x00000000eac6a198) 
thrown [s\src\hotspot\share\runtime\sharedRuntime.cpp, line 631]
Event: 687.424 Thread 0x000001e8d5f79290 Exception <a 'java/lang/ArrayIndexOutOfBoundsException'{0x00000000eaf2fb28}> (0x00000000eaf2fb28) 
thrown [s\src\hotspot\share\runtime\sharedRuntime.cpp, line 631]

VM Operations (20 events):
Event: 687.875 Executing VM operation: ParallelGCFailedAllocation
Event: 687.877 Executing VM operation: ParallelGCFailedAllocation done
Event: 688.194 Executing VM operation: ParallelGCFailedAllocation
Event: 688.197 Executing VM operation: ParallelGCFailedAllocation done
Event: 688.230 Executing VM operation: ParallelGCFailedAllocation
Event: 688.234 Executing VM operation: ParallelGCFailedAllocation done
Event: 688.250 Executing VM operation: ParallelGCFailedAllocation
Event: 688.256 Executing VM operation: ParallelGCFailedAllocation done
Event: 688.277 Executing VM operation: ParallelGCFailedAllocation
Event: 688.280 Executing VM operation: ParallelGCFailedAllocation done
Event: 688.301 Executing VM operation: ParallelGCFailedAllocation
Event: 688.304 Executing VM operation: ParallelGCFailedAllocation done
Event: 688.325 Executing VM operation: ParallelGCFailedAllocation
Event: 688.327 Executing VM operation: ParallelGCFailedAllocation done
Event: 688.342 Executing VM operation: ParallelGCFailedAllocation
Event: 688.345 Executing VM operation: ParallelGCFailedAllocation done
Event: 688.362 Executing VM operation: ParallelGCFailedAllocation
Event: 688.365 Executing VM operation: ParallelGCFailedAllocation done
Event: 688.383 Executing VM operation: ParallelGCFailedAllocation
Event: 688.385 Executing VM operation: ParallelGCFailedAllocation done

Events (20 events):
Event: 636.509 loading class jdk/internal/misc/ScopedMemoryAccess$Scope$Handle done
Event: 640.278 loading class jdk/internal/module/IllegalAccessLogger
Event: 640.278 loading class jdk/internal/module/IllegalAccessLogger done
Event: 642.471 loading class jdk/internal/module/IllegalAccessLogger
Event: 642.471 loading class jdk/internal/module/IllegalAccessLogger done
Event: 648.811 loading class jdk/internal/module/IllegalAccessLogger
Event: 648.811 loading class jdk/internal/module/IllegalAccessLogger done
Event: 658.521 loading class jdk/internal/module/IllegalAccessLogger
Event: 658.521 loading class jdk/internal/module/IllegalAccessLogger done
Event: 658.754 Thread 0x000001e8d566e340 Thread exited: 0x000001e8d566e340
Event: 663.253 loading class jdk/internal/module/IllegalAccessLogger
Event: 663.253 loading class jdk/internal/module/IllegalAccessLogger done
Event: 681.362 loading class jdk/internal/module/IllegalAccessLogger
Event: 681.362 loading class jdk/internal/module/IllegalAccessLogger done
Event: 682.957 loading class jdk/internal/module/IllegalAccessLogger
Event: 682.957 loading class jdk/internal/module/IllegalAccessLogger done
Event: 683.023 Thread 0x000001e8d718a890 Thread added: 0x000001e8d718a890
Event: 683.574 Thread 0x000001e8d718b2b0 Thread added: 0x000001e8d718b2b0
Event: 685.409 loading class jdk/internal/module/IllegalAccessLogger
Event: 685.409 loading class jdk/internal/module/IllegalAccessLogger done


Dynamic libraries:
0x00007ff7246a0000 - 0x00007ff7246ae000 	c:\Users\parimal\.vscode\extensions\redhat.java-1.33.0-win32-x64\jre\17.0.11-win32-x86_64\bin\java.exe
0x00007ffe3b370000 - 0x00007ffe3b587000 	C:\WINDOWS\SYSTEM32\ntdll.dll
0x00007ffe397a0000 - 0x00007ffe39864000 	C:\WINDOWS\System32\KERNEL32.DLL
0x00007ffe38bc0000 - 0x00007ffe38f6d000 	C:\WINDOWS\System32\KERNELBASE.dll
0x00007ffe388b0000 - 0x00007ffe389c1000 	C:\WINDOWS\System32\ucrtbase.dll
0x00007ffe2bcd0000 - 0x00007ffe2bce7000 	c:\Users\parimal\.vscode\extensions\redhat.java-1.33.0-win32-x64\jre\17.0.11-win32-x86_64\bin\jli.dll
0x00007ffe3a040000 - 0x00007ffe3a1ee000 	C:\WINDOWS\System32\USER32.dll
0x00007ffe387b0000 - 0x00007ffe387d6000 	C:\WINDOWS\System32\win32u.dll
0x00007ffe3b300000 - 0x00007ffe3b329000 	C:\WINDOWS\System32\GDI32.dll
0x00007ffe31440000 - 0x00007ffe3145b000 	c:\Users\parimal\.vscode\extensions\redhat.java-1.33.0-win32-x64\jre\17.0.11-win32-x86_64\bin\VCRUNTIME140.dll
0x00007ffe38690000 - 0x00007ffe387a9000 	C:\WINDOWS\System32\gdi32full.dll
0x00007ffe387e0000 - 0x00007ffe3887a000 	C:\WINDOWS\System32\msvcp_win.dll
0x00007ffe1e2c0000 - 0x00007ffe1e553000 	C:\WINDOWS\WinSxS\amd64_microsoft.windows.common-controls_6595b64144ccf1df_6.0.22621.3672_none_2713b9d173822955\COMCTL32.dll
0x00007ffe39130000 - 0x00007ffe391d7000 	C:\WINDOWS\System32\msvcrt.dll
0x00007ffe391e0000 - 0x00007ffe39211000 	C:\WINDOWS\System32\IMM32.DLL
0x00007ffe354c0000 - 0x00007ffe354cc000 	c:\Users\parimal\.vscode\extensions\redhat.java-1.33.0-win32-x64\jre\17.0.11-win32-x86_64\bin\vcruntime140_1.dll
0x00007ffe09900000 - 0x00007ffe0998d000 	c:\Users\parimal\.vscode\extensions\redhat.java-1.33.0-win32-x64\jre\17.0.11-win32-x86_64\bin\msvcp140.dll
0x00007ffddec60000 - 0x00007ffddf8c2000 	c:\Users\parimal\.vscode\extensions\redhat.java-1.33.0-win32-x64\jre\17.0.11-win32-x86_64\bin\server\jvm.dll
0x00007ffe394d0000 - 0x00007ffe39582000 	C:\WINDOWS\System32\ADVAPI32.dll
0x00007ffe3b000000 - 0x00007ffe3b0a9000 	C:\WINDOWS\System32\sechost.dll
0x00007ffe38880000 - 0x00007ffe388a8000 	C:\WINDOWS\System32\bcrypt.dll
0x00007ffe39f20000 - 0x00007ffe3a034000 	C:\WINDOWS\System32\RPCRT4.dll
0x00007ffe38550000 - 0x00007ffe3859d000 	C:\WINDOWS\SYSTEM32\POWRPROF.dll
0x00007ffe12910000 - 0x00007ffe12919000 	C:\WINDOWS\SYSTEM32\WSOCK32.dll
0x00007ffe3b0d0000 - 0x00007ffe3b141000 	C:\WINDOWS\System32\WS2_32.dll
0x00007ffe32b70000 - 0x00007ffe32ba4000 	C:\WINDOWS\SYSTEM32\WINMM.dll
0x00007ffe2f3d0000 - 0x00007ffe2f3da000 	C:\WINDOWS\SYSTEM32\VERSION.dll
0x00007ffe38530000 - 0x00007ffe38543000 	C:\WINDOWS\SYSTEM32\UMPDC.dll
0x00007ffe37680000 - 0x00007ffe37698000 	C:\WINDOWS\SYSTEM32\kernel.appcore.dll
0x00007ffe33fe0000 - 0x00007ffe33fea000 	c:\Users\parimal\.vscode\extensions\redhat.java-1.33.0-win32-x64\jre\17.0.11-win32-x86_64\bin\jimage.dll
0x00007ffe35f50000 - 0x00007ffe36182000 	C:\WINDOWS\SYSTEM32\DBGHELP.DLL
0x00007ffe3a270000 - 0x00007ffe3a5fd000 	C:\WINDOWS\System32\combase.dll
0x00007ffe3af20000 - 0x00007ffe3aff7000 	C:\WINDOWS\System32\OLEAUT32.dll
0x00007ffe169b0000 - 0x00007ffe169e2000 	C:\WINDOWS\SYSTEM32\dbgcore.DLL
0x00007ffe38b40000 - 0x00007ffe38bbb000 	C:\WINDOWS\System32\bcryptPrimitives.dll
0x00007ffe33b40000 - 0x00007ffe33b4e000 	c:\Users\parimal\.vscode\extensions\redhat.java-1.33.0-win32-x64\jre\17.0.11-win32-x86_64\bin\instrument.dll
0x00007ffe21e00000 - 0x00007ffe21e25000 	c:\Users\parimal\.vscode\extensions\redhat.java-1.33.0-win32-x64\jre\17.0.11-win32-x86_64\bin\java.dll
0x00007ffe2b830000 - 0x00007ffe2b848000 	c:\Users\parimal\.vscode\extensions\redhat.java-1.33.0-win32-x64\jre\17.0.11-win32-x86_64\bin\zip.dll
0x00007ffe3a600000 - 0x00007ffe3ae68000 	C:\WINDOWS\System32\SHELL32.dll
0x00007ffe36590000 - 0x00007ffe36e8e000 	C:\WINDOWS\SYSTEM32\windows.storage.dll
0x00007ffe36450000 - 0x00007ffe3658f000 	C:\WINDOWS\SYSTEM32\wintypes.dll
0x00007ffe39610000 - 0x00007ffe39709000 	C:\WINDOWS\System32\SHCORE.dll
0x00007ffe39d00000 - 0x00007ffe39d5e000 	C:\WINDOWS\System32\shlwapi.dll
0x00007ffe385c0000 - 0x00007ffe385e1000 	C:\WINDOWS\SYSTEM32\profapi.dll
0x00007ffe1c9f0000 - 0x00007ffe1ca09000 	C:\Users\parimal\.vscode\extensions\redhat.java-1.33.0-win32-x64\jre\17.0.11-win32-x86_64\bin\net.dll
0x00007ffe33530000 - 0x00007ffe33666000 	C:\WINDOWS\SYSTEM32\WINHTTP.dll
0x00007ffe37af0000 - 0x00007ffe37b59000 	C:\WINDOWS\system32\mswsock.dll
0x00007ffe08130000 - 0x00007ffe08146000 	C:\Users\parimal\.vscode\extensions\redhat.java-1.33.0-win32-x64\jre\17.0.11-win32-x86_64\bin\nio.dll
0x00007ffe302f0000 - 0x00007ffe30300000 	c:\Users\parimal\.vscode\extensions\redhat.java-1.33.0-win32-x64\jre\17.0.11-win32-x86_64\bin\verify.dll
0x00007ffe098b0000 - 0x00007ffe098f5000 	C:\Users\parimal\AppData\Roaming\Code\User\globalStorage\redhat.java\1.33.0\config_win\org.eclipse.equinox.launcher\org.eclipse.equinox.launcher.win32.win32.x86_64_1.2.1100.v20240722-2106\eclipse_11904.dll
0x00007ffe3b150000 - 0x00007ffe3b2f5000 	C:\WINDOWS\System32\ole32.dll
0x00007ffe37d20000 - 0x00007ffe37d3b000 	C:\WINDOWS\SYSTEM32\CRYPTSP.dll
0x00007ffe375e0000 - 0x00007ffe37615000 	C:\WINDOWS\system32\rsaenh.dll
0x00007ffe37bb0000 - 0x00007ffe37bd8000 	C:\WINDOWS\SYSTEM32\USERENV.dll
0x00007ffe37d40000 - 0x00007ffe37d4c000 	C:\WINDOWS\SYSTEM32\CRYPTBASE.dll
0x00007ffe370f0000 - 0x00007ffe3711d000 	C:\WINDOWS\SYSTEM32\IPHLPAPI.DLL
0x00007ffe39870000 - 0x00007ffe39879000 	C:\WINDOWS\System32\NSI.dll
0x00007ffe33750000 - 0x00007ffe33769000 	C:\WINDOWS\SYSTEM32\dhcpcsvc6.DLL
0x00007ffe33340000 - 0x00007ffe3335f000 	C:\WINDOWS\SYSTEM32\dhcpcsvc.DLL
0x00007ffe37160000 - 0x00007ffe37258000 	C:\WINDOWS\SYSTEM32\DNSAPI.dll
0x00007ffe01a00000 - 0x00007ffe01a45000 	C:\Users\parimal\AppData\Local\Temp\jna--793257872\jna15491418758624029823.dll
0x00007ffe3b0c0000 - 0x00007ffe3b0c8000 	C:\WINDOWS\System32\PSAPI.DLL
0x00007ffe376a0000 - 0x00007ffe376d4000 	C:\WINDOWS\SYSTEM32\ntmarta.dll
0x00007ffe354a0000 - 0x00007ffe354ae000 	C:\Users\parimal\.vscode\extensions\redhat.java-1.33.0-win32-x64\jre\17.0.11-win32-x86_64\bin\sunmscapi.dll
0x00007ffe389d0000 - 0x00007ffe38b37000 	C:\WINDOWS\System32\CRYPT32.dll
0x00007ffe37f30000 - 0x00007ffe37f5e000 	C:\WINDOWS\SYSTEM32\ncrypt.dll
0x00007ffe37ef0000 - 0x00007ffe37f27000 	C:\WINDOWS\SYSTEM32\NTASN1.dll
0x00007ffe2c880000 - 0x00007ffe2c888000 	C:\WINDOWS\system32\wshunix.dll
0x00007ffe2c6d0000 - 0x00007ffe2c6d9000 	C:\Users\parimal\.vscode\extensions\redhat.java-1.33.0-win32-x64\jre\17.0.11-win32-x86_64\bin\extnet.dll
0x00007ffe2eef0000 - 0x00007ffe2eefa000 	C:\Windows\System32\rasadhlp.dll

dbghelp: loaded successfully - version: 4.0.5 - missing functions: none
symbol engine: initialized successfully - sym options: 0x614 - pdb path: .;c:\Users\parimal\.vscode\extensions\redhat.java-1.33.0-win32-x64\jre\17.0.11-win32-x86_64\bin;C:\WINDOWS\SYSTEM32;C:\WINDOWS\WinSxS\amd64_microsoft.windows.common-controls_6595b64144ccf1df_6.0.22621.3672_none_2713b9d173822955;c:\Users\parimal\.vscode\extensions\redhat.java-1.33.0-win32-x64\jre\17.0.11-win32-x86_64\bin\server;C:\Users\parimal\AppData\Roaming\Code\User\globalStorage\redhat.java\1.33.0\config_win\org.eclipse.equinox.launcher\org.eclipse.equinox.launcher.win32.win32.x86_64_1.2.1100.v20240722-2106;C:\Users\parimal\AppData\Local\Temp\jna--793257872

VM Arguments:
jvm_args: --add-modules=ALL-SYSTEM --add-opens=java.base/java.util=ALL-UNNAMED --add-opens=java.base/java.lang=ALL-UNNAMED --add-opens=java.base/sun.nio.fs=ALL-UNNAMED -Declipse.application=org.eclipse.jdt.ls.core.id1 -Dosgi.bundles.defaultStartLevel=4 -Declipse.product=org.eclipse.jdt.ls.core.product -Djava.import.generatesMetadataFilesAtProjectRoot=false -DDetectVMInstallationsJob.disabled=true -Dfile.encoding=utf8 -XX:+UseParallelGC -XX:GCTimeRatio=4 -XX:AdaptiveSizePolicyWeight=90 -Dsun.zip.disableMemoryMapping=true -Xmx1G -Xms100m -Xlog:disable -javaagent:c:\Users\parimal\.vscode\extensions\redhat.java-1.33.0-win32-x64\lombok\lombok-1.18.33.jar -XX:+HeapDumpOnOutOfMemoryError -XX:HeapDumpPath=c:\Users\parimal\AppData\Roaming\Code\User\workspaceStorage\564610afbe48d66984a7fc64be8d1d62\redhat.java -Daether.dependencyCollector.impl=bf 
java_command: c:\Users\parimal\.vscode\extensions\redhat.java-1.33.0-win32-x64\server\plugins\org.eclipse.equinox.launcher_1.6.900.v20240613-2009.jar -configuration c:\Users\parimal\AppData\Roaming\Code\User\globalStorage\redhat.java\1.33.0\config_win -data c:\Users\parimal\AppData\Roaming\Code\User\workspaceStorage\564610afbe48d66984a7fc64be8d1d62\redhat.java\jdt_ws --pipe=\\.\pipe\lsp-22be18ce9d847dd039fc167c2ceec5d0-sock
java_class_path (initial): c:\Users\parimal\.vscode\extensions\redhat.java-1.33.0-win32-x64\server\plugins\org.eclipse.equinox.launcher_1.6.900.v20240613-2009.jar
Launcher Type: SUN_STANDARD

[Global flags]
    uintx AdaptiveSizePolicyWeight                 = 90                                        {product} {command line}
     intx CICompilerCount                          = 4                                         {product} {ergonomic}
    uintx GCTimeRatio                              = 4                                         {product} {command line}
     bool HeapDumpOnOutOfMemoryError               = true                                   {manageable} {command line}
    ccstr HeapDumpPath                             = c:\Users\parimal\AppData\Roaming\Code\User\workspaceStorage\564610afbe48d66984a7fc64be8d1d62\redhat.java         {manageable} {command line}
   size_t InitialHeapSize                          = 104857600                                 {product} {command line}
   size_t MaxHeapSize                              = 1073741824                                {product} {command line}
   size_t MaxNewSize                               = 357564416                                 {product} {ergonomic}
   size_t MinHeapDeltaBytes                        = 524288                                    {product} {ergonomic}
   size_t MinHeapSize                              = 104857600                                 {product} {command line}
   size_t NewSize                                  = 34603008                                  {product} {ergonomic}
    uintx NonNMethodCodeHeapSize                   = 5839372                                {pd product} {ergonomic}
    uintx NonProfiledCodeHeapSize                  = 122909434                              {pd product} {ergonomic}
   size_t OldSize                                  = 70254592                                  {product} {ergonomic}
    uintx ProfiledCodeHeapSize                     = 122909434                              {pd product} {ergonomic}
    uintx ReservedCodeCacheSize                    = 251658240                              {pd product} {ergonomic}
     bool SegmentedCodeCache                       = true                                      {product} {ergonomic}
   size_t SoftMaxHeapSize                          = 1073741824                             {manageable} {ergonomic}
     bool UseCompressedClassPointers               = true                           {product lp64_product} {ergonomic}
     bool UseCompressedOops                        = true                           {product lp64_product} {ergonomic}
     bool UseLargePagesIndividualAllocation        = false                                  {pd product} {ergonomic}
     bool UseParallelGC                            = true                                      {product} {command line}

Logging:
Log output configuration:
 #0: stdout all=off uptime,level,tags
 #1: stderr all=off uptime,level,tags

Environment Variables:
JAVA_HOME=C:\Program Files\Java\jdk-22
PATH=C:\Program Files\Common Files\Oracle\Java\javapath;C:\WINDOWS\system32;C:\WINDOWS;C:\WINDOWS\System32\Wbem;C:\WINDOWS\System32\WindowsPowerShell\v1.0\;C:\WINDOWS\System32\OpenSSH\;C:\Program Files\Java\jdk-11.0.9\bin;C:\MinGW\bin;C:\Program Files\dotnet\;C:\Program Files\Exiftool;C:\Program Files\MATLAB\R2023a\bin;C:\Program Files (x86)\Common Files\Intel\Shared Libraries\redist\intel64_win\compiler\;C:\Program Files (x86)\Common Files\Intel\Shared Libraries\redist\ia32_win\compiler\;C:\Program Files\Microsoft SQL Server\120\Tools\Binn\;C:\Program Files\Microsoft SQL Server\Client SDK\ODBC\110\Tools\Binn\;C:\Program Files (x86)\Common Files\AspenTech Shared\;C:\Program Files\Common Files\AspenTech Shared\;C:\Program Files (x86)\AspenTech\Aspen OptiPlant V12.1\Bin;C:\Program Files\nodejs\;C:\Program Files\HP\HP One Agent;C:\ProgramData\chocolatey\bin;C:\Program Files\Git\cmd;C:\Program Files\Java\jdk-22\bin;C:\Users\parimal\Downloads\commandlinetools-win-11076708_latest\cmdline-tools\platform-tools;C:\Users\parimal\Downloads\commandlinetools-win-11076708_latest\cmdline-tools\platform;C:\Users\parimal\Downloads\apache-maven-3.9.7-bin\apache-maven-3.9.7\bin;C:\Program Files\MySQL\MySQL Server 8.0\bin;;C:\Program Files\Docker\Docker\resources\bin;C:\Program Files\MySQL\MySQL Shell 8.0\bin\;C:\Users\parimal\AppData\Local\Programs\Python\Python310\Scripts\;C:\Users\parimal\AppData\Local\Programs\Python\Python310\;C:\Users\parimal\AppData\Local\Microsoft\WindowsApps;C:\Users\parimal\AppData\Local\Programs\Microsoft VS Code\bin;C:\MinGW\mingw32\bin;C:\Program Files\Common Files\AspenTech Shared\;AspenTech\Aspen Hydraulics;C:\Users\parimal\AppData\Roaming\npm;C:\Users\parimal\Downloads\flutter_windows_3.22.0-stable\flutter\bin;;C:\Program Files\JetBrains\IntelliJ IDEA Community Edition 2024.1.2\bin;;C:\tools\dart-sdk\bin;C:\Users\parimal\AppData\Local\Pub\Cache\bin;
USERNAME=parimal
OS=Windows_NT
PROCESSOR_IDENTIFIER=Intel64 Family 6 Model 142 Stepping 12, GenuineIntel
TMP=C:\Users\parimal\AppData\Local\Temp
TEMP=C:\Users\parimal\AppData\Local\Temp



Periodic native trim disabled


---------------  S Y S T E M  ---------------

OS:
 Windows 11 , 64 bit Build 22621 (10.0.22621.3958)
OS uptime: 8 days 13:24 hours
Hyper-V role detected

CPU: total 8 (initial active 8) (4 cores per cpu, 2 threads per core) family 6 model 142 stepping 12 microcode 0xec, cx8, cmov, fxsr, ht, mmx, 3dnowpref, sse, sse2, sse3, ssse3, sse4.1, sse4.2, popcnt, lzcnt, tsc, tscinvbit, avx, avx2, aes, erms, clmul, bmi1, bmi2, adx, fma, vzeroupper, clflush, clflushopt, hv
Processor Information for all 8 processors :
  Max Mhz: 2112, Current Mhz: 1609, Mhz Limit: 1605

Memory: 4k page, system-wide physical 8014M (341M free)
TotalPageFile size 32590M (AvailPageFile size 14M)
current process WorkingSet (physical memory assigned to process): 493M, peak: 774M
current process commit charge ("private bytes"): 668M, peak: 752M

vm_info: OpenJDK 64-Bit Server VM (17.0.11+9) for windows-amd64 JRE (17.0.11+9), built on Apr 17 2024 06:07:48 by "admin" with MS VC++ 16.10 / 16.11 (VS2019)

END.
